============================= test session starts ==============================
platform darwin -- Python 3.12.12, pytest-9.0.2, pluggy-1.6.0
rootdir: /Users/cnegro/Projects/aegis-query-language
configfile: pyproject.toml
plugins: anyio-4.12.1, asyncio-1.3.0
asyncio: mode=Mode.STRICT, debug=False, asyncio_default_fixture_loop_scope=None, asyncio_default_test_loop_scope=function
collected 31 items

tests/test_api.py ...                                                    [  9%]
tests/test_api_models.py ......                                          [ 29%]
tests/test_audit.py FF                                                   [ 35%]
tests/test_compiler_engine.py .                                          [ 38%]
tests/test_domain_models.py ..                                           [ 45%]
tests/test_executor.py F                                                 [ 48%]
tests/test_filter.py F                                                   [ 51%]
tests/test_main.py FF.                                                   [ 61%]
tests/test_parser_safety.py .........                                    [ 90%]
tests/test_prompting_gateway.py F.                                       [ 96%]
tests/test_translator.py .                                               [100%]

=================================== FAILURES ===================================
_______________________ test_json_audit_logger_succeeds ________________________

caplog = <_pytest.logging.LogCaptureFixture object at 0x1108a5070>

    def test_json_audit_logger_succeeds(caplog: pytest.LogCaptureFixture) -> None:
        logger = JSONAuditLogger()
        event = QueryAuditEvent(
            query_id="q1",
            tenant_id="t1",
            user_id="u1",
            natural_language_query="Count users",
            abstract_query="SELECT COUNT(*) FROM abstract_users",
            physical_query="SELECT COUNT(*) FROM auth.users",
            registry_version="v1",
            safety_engine_version="v1",
            abstract_query_hash="hash",
            latency_ms=105.5,
            prompt_tokens=50,
            completion_tokens=10,
            status="success",
            row_limit_applied=False
        )
    
        with caplog.at_level(logging.INFO, logger="aegis.audit"):
>           logger.log(event)
            ^^^^^^^^^^
E           AttributeError: 'JSONAuditLogger' object has no attribute 'log'

tests/test_audit.py:30: AttributeError
____________________ test_json_audit_logger_does_not_raise _____________________

    def test_json_audit_logger_does_not_raise() -> None:
        logger = JSONAuditLogger()
        # Sending something completely invalid to the json dumps
        # This might be tricky because we use pydantic for the struct.
        # We will simulate a crash using a patched method.
        import typing
        class BadEvent:
            def model_dump(
                self, *args: list[typing.Any], **kwargs: dict[str, typing.Any]
            ) -> dict[str, typing.Any]:
                raise ValueError("Artificial explosion for test")
    
        # The logger should catch the serialization issue and NOT raise
>       logger.log(BadEvent()) # type: ignore
        ^^^^^^^^^^
E       AttributeError: 'JSONAuditLogger' object has no attribute 'log'

tests/test_audit.py:53: AttributeError
_______________________ test_execution_parameter_binding _______________________

    @pytest.mark.asyncio
    async def test_execution_parameter_binding() -> None:
        """Tests the executor can safely bind parameters using SQLite mocked backend."""
        # Use SQLite for parameter binding correctness, Postgres for semantic / timeouts
        engine = ExecutionEngine(connection_string="sqlite+aiosqlite:///:memory:")
    
        # We must mock table creation for testing SQL
        async with engine.engine.begin() as conn:
             from sqlalchemy import text
             await conn.execute(text("CREATE TABLE mock_table (id INTEGER, val TEXT)"))
             await conn.execute(text("INSERT INTO mock_table VALUES (1, 'mocked')"))
             await conn.execute(text("INSERT INTO mock_table VALUES (2, 'target')"))
    
        query = ExecutableQuery(
            sql="SELECT * FROM mock_table WHERE val = :p1",
            parameters={"p1": "target"},
            registry_version="v1",
            safety_engine_version="v1",
            abstract_query_hash="hash"
        )
        context = ExecutionContext(tenant_id="t1")
    
>       result = await engine.execute(query, context)
                       ^^^^^^^^^^^^^^^^^^^^^^^^^^^^^^
E       TypeError: ExecutionEngine.execute() takes 2 positional arguments but 3 were given

tests/test_executor.py:31: TypeError
_______________ test_deterministic_schema_filter_simple_overlap ________________

    def test_deterministic_schema_filter_simple_overlap() -> None:
        filter_engine = DeterministicSchemaFilter(cutoff_threshold=1)
    
        schema = RegistrySchema(
            version="v1.0.0",
            identifiers=[
                AbstractIdentifierDef(
                    alias="users",
                    description="User accounts and profiles",
                    safety=SafetyClassification(allowed_in_select=True),
                    physical_target="auth.users"
                ),
                AbstractIdentifierDef(
                    alias="orders",
                    description="Purchase history",
                    safety=SafetyClassification(allowed_in_select=True),
                    physical_target="sales.orders"
                )
            ]
        )
    
        intent = UserIntent(natural_language_query="Show me the profile for user 123")
>       filtered = filter_engine.filter(intent, schema)
                   ^^^^^^^^^^^^^^^^^^^^
E       AttributeError: 'DeterministicSchemaFilter' object has no attribute 'filter'

tests/test_filter.py:32: AttributeError
______________________________ test_health_check _______________________________

    def test_health_check() -> None:
        with TestClient(app) as client:
            response = client.get("/api/v1/health")
>           assert response.status_code == 200
E           assert 404 == 200
E            +  where 404 = <Response [404 Not Found]>.status_code

tests/test_main.py:11: AssertionError
_______________________ test_standard_exception_handler ________________________

    def test_standard_exception_handler() -> None:
        """Verify that unhandled exceptions are caught and formatted as 500s."""
        class MockCrashCompiler:
            async def compile(self, *args, **kwargs):
                raise ValueError("Something unexpected exploded")
    
        def override_compiler():
            return MockCrashCompiler()
    
        app.dependency_overrides[get_compiler] = override_compiler
    
        try:
            with TestClient(app) as client:
>               response = client.post("/api/v1/query/generate", json={"intent": "test", "schema_hints": []})
                           ^^^^^^^^^^^^^^^^^^^^^^^^^^^^^^^^^^^^^^^^^^^^^^^^^^^^^^^^^^^^^^^^^^^^^^^^^^^^^^^^^^

tests/test_main.py:27: 
_ _ _ _ _ _ _ _ _ _ _ _ _ _ _ _ _ _ _ _ _ _ _ _ _ _ _ _ _ _ _ _ _ _ _ _ _ _ _ _ 
.venv/lib/python3.12/site-packages/starlette/testclient.py:546: in post
    return super().post(
.venv/lib/python3.12/site-packages/httpx/_client.py:1144: in post
    return self.request(
.venv/lib/python3.12/site-packages/starlette/testclient.py:445: in request
    return super().request(
.venv/lib/python3.12/site-packages/httpx/_client.py:825: in request
    return self.send(request, auth=auth, follow_redirects=follow_redirects)
           ^^^^^^^^^^^^^^^^^^^^^^^^^^^^^^^^^^^^^^^^^^^^^^^^^^^^^^^^^^^^^^^^
.venv/lib/python3.12/site-packages/httpx/_client.py:914: in send
    response = self._send_handling_auth(
.venv/lib/python3.12/site-packages/httpx/_client.py:942: in _send_handling_auth
    response = self._send_handling_redirects(
.venv/lib/python3.12/site-packages/httpx/_client.py:979: in _send_handling_redirects
    response = self._send_single_request(request)
               ^^^^^^^^^^^^^^^^^^^^^^^^^^^^^^^^^^
.venv/lib/python3.12/site-packages/httpx/_client.py:1014: in _send_single_request
    response = transport.handle_request(request)
               ^^^^^^^^^^^^^^^^^^^^^^^^^^^^^^^^^
.venv/lib/python3.12/site-packages/starlette/testclient.py:348: in handle_request
    raise exc
.venv/lib/python3.12/site-packages/starlette/testclient.py:345: in handle_request
    portal.call(self.app, scope, receive, send)
.venv/lib/python3.12/site-packages/anyio/from_thread.py:334: in call
    return cast(T_Retval, self.start_task_soon(func, *args).result())
                          ^^^^^^^^^^^^^^^^^^^^^^^^^^^^^^^^^^^^^^^^^^
../../.local/share/uv/python/cpython-3.12.12-macos-x86_64-none/lib/python3.12/concurrent/futures/_base.py:456: in result
    return self.__get_result()
           ^^^^^^^^^^^^^^^^^^^
../../.local/share/uv/python/cpython-3.12.12-macos-x86_64-none/lib/python3.12/concurrent/futures/_base.py:401: in __get_result
    raise self._exception
.venv/lib/python3.12/site-packages/anyio/from_thread.py:259: in _call_func
    retval = await retval_or_awaitable
             ^^^^^^^^^^^^^^^^^^^^^^^^^
.venv/lib/python3.12/site-packages/fastapi/applications.py:1160: in __call__
    await super().__call__(scope, receive, send)
.venv/lib/python3.12/site-packages/starlette/applications.py:107: in __call__
    await self.middleware_stack(scope, receive, send)
.venv/lib/python3.12/site-packages/starlette/middleware/errors.py:186: in __call__
    raise exc
.venv/lib/python3.12/site-packages/starlette/middleware/errors.py:164: in __call__
    await self.app(scope, receive, _send)
.venv/lib/python3.12/site-packages/starlette/middleware/exceptions.py:63: in __call__
    await wrap_app_handling_exceptions(self.app, conn)(scope, receive, send)
.venv/lib/python3.12/site-packages/starlette/_exception_handler.py:53: in wrapped_app
    raise exc
.venv/lib/python3.12/site-packages/starlette/_exception_handler.py:42: in wrapped_app
    await app(scope, receive, sender)
.venv/lib/python3.12/site-packages/fastapi/middleware/asyncexitstack.py:18: in __call__
    await self.app(scope, receive, send)
.venv/lib/python3.12/site-packages/starlette/routing.py:716: in __call__
    await self.middleware_stack(scope, receive, send)
.venv/lib/python3.12/site-packages/starlette/routing.py:736: in app
    await route.handle(scope, receive, send)
.venv/lib/python3.12/site-packages/starlette/routing.py:290: in handle
    await self.app(scope, receive, send)
.venv/lib/python3.12/site-packages/fastapi/routing.py:119: in app
    await wrap_app_handling_exceptions(app, request)(scope, receive, send)
.venv/lib/python3.12/site-packages/starlette/_exception_handler.py:53: in wrapped_app
    raise exc
.venv/lib/python3.12/site-packages/starlette/_exception_handler.py:42: in wrapped_app
    await app(scope, receive, sender)
.venv/lib/python3.12/site-packages/fastapi/routing.py:105: in app
    response = await f(request)
               ^^^^^^^^^^^^^^^^
.venv/lib/python3.12/site-packages/fastapi/routing.py:431: in app
    raw_response = await run_endpoint_function(
.venv/lib/python3.12/site-packages/fastapi/routing.py:313: in run_endpoint_function
    return await dependant.call(**values)
           ^^^^^^^^^^^^^^^^^^^^^^^^^^^^^^
app/api/router.py:44: in generate_query
    executable = await compiler.compile(
_ _ _ _ _ _ _ _ _ _ _ _ _ _ _ _ _ _ _ _ _ _ _ _ _ _ _ _ _ _ _ _ _ _ _ _ _ _ _ _ 

self = <tests.test_main.test_standard_exception_handler.<locals>.MockCrashCompiler object at 0x1109fe7e0>
args = ()
kwargs = {'hints': PromptHints(column_hints=[]), 'intent': UserIntent(natural_language_query='test'), 'schema': RegistrySchema(...lowed_in_group_by=False, aggregation_allowed=False, join_participation_allowed=False), physical_target='auth.users')])}

    async def compile(self, *args, **kwargs):
>       raise ValueError("Something unexpected exploded")
E       ValueError: Something unexpected exploded

tests/test_main.py:18: ValueError
_____________________________ test_prompt_builder ______________________________

    def test_prompt_builder() -> None:
        schema = FilteredSchema(
            version="v1.0.0",
            active_identifiers=[
                AbstractIdentifierDef(
                    alias="users",
                    description="User accounts",
                    safety=SafetyClassification(allowed_in_select=True),
                    physical_target="auth.users"
                )
            ],
            omitted_identifiers={}
        )
        intent = UserIntent(natural_language_query="Count all users")
        hints = PromptHints(column_hints=["Always consider active = true"])
    
        # Needs to be able to find the relative `templates` folder during pytest
        builder = PromptBuilder()
>       envelope = builder.build(schema=schema, intent=intent, hints=hints)
                   ^^^^^^^^^^^^^
E       AttributeError: 'PromptBuilder' object has no attribute 'build'

tests/test_prompting_gateway.py:28: AttributeError
=========================== short test summary info ============================
FAILED tests/test_audit.py::test_json_audit_logger_succeeds - AttributeError:...
FAILED tests/test_audit.py::test_json_audit_logger_does_not_raise - Attribute...
FAILED tests/test_executor.py::test_execution_parameter_binding - TypeError: ...
FAILED tests/test_filter.py::test_deterministic_schema_filter_simple_overlap
FAILED tests/test_main.py::test_health_check - assert 404 == 200
FAILED tests/test_main.py::test_standard_exception_handler - ValueError: Some...
FAILED tests/test_prompting_gateway.py::test_prompt_builder - AttributeError:...
========================= 7 failed, 24 passed in 1.65s =========================
